<?xml version="1.0" encoding="UTF-8"?>
<!-- Generated by org.testng.reporters.JUnitXMLReporter -->
<testsuite hostname="LAPTOP-FBVAVOUD" name="Default test" tests="3" failures="0" timestamp="10 Aug 2019 15:57:26 GMT" time="28.691" errors="0">
  <testcase name="loginPageTitleTest" time="0.018" classname="com.phptravels.qa.testcases.LoginPageTest"/>
  <testcase name="mercurylogoTest" time="0.035" classname="com.phptravels.qa.testcases.LoginPageTest"/>
  <testcase name="loginTest" time="1.97" classname="com.phptravels.qa.testcases.LoginPageTest"/>
</testsuite> <!-- Default test -->
