<?xml version="1.0" encoding="UTF-8"?>
<testng-results skipped="0" failed="0" total="3" passed="3">
  <reporter-output>
  </reporter-output>
  <suite name="Default suite" duration-ms="28691" started-at="2019-08-10T15:56:56Z" finished-at="2019-08-10T15:57:25Z">
    <groups>
    </groups>
    <test name="Default test" duration-ms="28691" started-at="2019-08-10T15:56:56Z" finished-at="2019-08-10T15:57:25Z">
      <class name="com.phptravels.qa.testcases.LoginPageTest">
        <test-method status="PASS" signature="setup()[pri:0, instance:com.phptravels.qa.testcases.LoginPageTest@cc285f4]" name="setup" is-config="true" duration-ms="9526" started-at="2019-08-10T21:26:56Z" finished-at="2019-08-10T21:27:06Z">
          <reporter-output>
          </reporter-output>
        </test-method> <!-- setup -->
        <test-method status="PASS" signature="loginPageTitleTest()[pri:0, instance:com.phptravels.qa.testcases.LoginPageTest@cc285f4]" name="loginPageTitleTest" duration-ms="18" started-at="2019-08-10T21:27:06Z" finished-at="2019-08-10T21:27:06Z">
          <reporter-output>
          </reporter-output>
        </test-method> <!-- loginPageTitleTest -->
        <test-method status="PASS" signature="teardown()[pri:0, instance:com.phptravels.qa.testcases.LoginPageTest@cc285f4]" name="teardown" is-config="true" duration-ms="729" started-at="2019-08-10T21:27:06Z" finished-at="2019-08-10T21:27:07Z">
          <reporter-output>
          </reporter-output>
        </test-method> <!-- teardown -->
        <test-method status="PASS" signature="setup()[pri:0, instance:com.phptravels.qa.testcases.LoginPageTest@cc285f4]" name="setup" is-config="true" duration-ms="7420" started-at="2019-08-10T21:27:07Z" finished-at="2019-08-10T21:27:14Z">
          <reporter-output>
          </reporter-output>
        </test-method> <!-- setup -->
        <test-method status="PASS" signature="mercurylogoTest()[pri:0, instance:com.phptravels.qa.testcases.LoginPageTest@cc285f4]" name="mercurylogoTest" duration-ms="35" started-at="2019-08-10T21:27:14Z" finished-at="2019-08-10T21:27:14Z">
          <reporter-output>
          </reporter-output>
        </test-method> <!-- mercurylogoTest -->
        <test-method status="PASS" signature="teardown()[pri:0, instance:com.phptravels.qa.testcases.LoginPageTest@cc285f4]" name="teardown" is-config="true" duration-ms="1046" started-at="2019-08-10T21:27:14Z" finished-at="2019-08-10T21:27:15Z">
          <reporter-output>
          </reporter-output>
        </test-method> <!-- teardown -->
        <test-method status="PASS" signature="setup()[pri:0, instance:com.phptravels.qa.testcases.LoginPageTest@cc285f4]" name="setup" is-config="true" duration-ms="7227" started-at="2019-08-10T21:27:15Z" finished-at="2019-08-10T21:27:22Z">
          <reporter-output>
          </reporter-output>
        </test-method> <!-- setup -->
        <test-method status="PASS" signature="loginTest()[pri:0, instance:com.phptravels.qa.testcases.LoginPageTest@cc285f4]" name="loginTest" duration-ms="1970" started-at="2019-08-10T21:27:22Z" finished-at="2019-08-10T21:27:24Z">
          <reporter-output>
          </reporter-output>
        </test-method> <!-- loginTest -->
        <test-method status="PASS" signature="teardown()[pri:0, instance:com.phptravels.qa.testcases.LoginPageTest@cc285f4]" name="teardown" is-config="true" duration-ms="702" started-at="2019-08-10T21:27:24Z" finished-at="2019-08-10T21:27:25Z">
          <reporter-output>
          </reporter-output>
        </test-method> <!-- teardown -->
      </class> <!-- com.phptravels.qa.testcases.LoginPageTest -->
    </test> <!-- Default test -->
  </suite> <!-- Default suite -->
</testng-results>
